<?xml version="1.0" encoding="UTF-8"?>
<testng-results total="1" passed="1" failed="0" skipped="0">
  <reporter-output>
  </reporter-output>
  <suite started-at="2022-05-06T07:18:04Z" name="Default suite" finished-at="2022-05-06T07:18:18Z" duration-ms="14865">
    <groups>
    </groups>
    <test started-at="2022-05-06T07:18:04Z" name="Default test" finished-at="2022-05-06T07:18:18Z" duration-ms="14865">
      <class name="com.graft.AppTest">
        <test-method is-config="true" signature="startDriver()[pri:0, instance:com.graft.AppTest@5ef5c734]" started-at="2022-05-06T12:48:04Z" name="startDriver" finished-at="2022-05-06T12:48:17Z" duration-ms="12903" status="PASS">
          <reporter-output>
          </reporter-output>
        </test-method> <!-- startDriver -->
        <test-method signature="Register()[pri:0, instance:com.graft.AppTest@5ef5c734]" started-at="2022-05-06T12:48:17Z" name="Register" finished-at="2022-05-06T12:48:18Z" duration-ms="1581" status="PASS">
          <reporter-output>
          </reporter-output>
        </test-method> <!-- Register -->
        <test-method is-config="true" signature="stopDriver()[pri:0, instance:com.graft.AppTest@5ef5c734]" started-at="2022-05-06T12:48:18Z" name="stopDriver" finished-at="2022-05-06T12:48:18Z" duration-ms="369" status="PASS">
          <reporter-output>
          </reporter-output>
        </test-method> <!-- stopDriver -->
      </class> <!-- com.graft.AppTest -->
    </test> <!-- Default test -->
  </suite> <!-- Default suite -->
</testng-results>
