<?xml version="1.0" encoding="UTF-8"?>
<testng-results total="1" passed="1" failed="0" skipped="0">
  <reporter-output>
  </reporter-output>
  <suite started-at="2022-05-04T17:25:15Z" name="Suite" finished-at="2022-05-04T17:25:26Z" duration-ms="10436">
    <groups>
    </groups>
    <test started-at="2022-05-04T17:25:15Z" name="Test" finished-at="2022-05-04T17:25:26Z" duration-ms="10436">
      <class name="com.graft.AppTest">
        <test-method is-config="true" signature="startDriver()[pri:0, instance:com.graft.AppTest@31add175]" started-at="2022-05-04T22:55:15Z" name="startDriver" finished-at="2022-05-04T22:55:24Z" duration-ms="9376" status="PASS">
          <reporter-output>
          </reporter-output>
        </test-method> <!-- startDriver -->
        <test-method signature="Register()[pri:0, instance:com.graft.AppTest@31add175]" started-at="2022-05-04T22:55:24Z" name="Register" finished-at="2022-05-04T22:55:25Z" duration-ms="740" status="PASS">
          <reporter-output>
          </reporter-output>
        </test-method> <!-- Register -->
        <test-method is-config="true" signature="stopDriver()[pri:0, instance:com.graft.AppTest@31add175]" started-at="2022-05-04T22:55:25Z" name="stopDriver" finished-at="2022-05-04T22:55:26Z" duration-ms="294" status="PASS">
          <reporter-output>
          </reporter-output>
        </test-method> <!-- stopDriver -->
      </class> <!-- com.graft.AppTest -->
    </test> <!-- Test -->
  </suite> <!-- Suite -->
</testng-results>
